<?xml version="1.0" encoding="UTF-8"?>
<testng-results skipped="0" failed="0" total="1" passed="1">
  <reporter-output>
  </reporter-output>
  <suite name="Default suite" duration-ms="4338" started-at="2018-10-18T01:52:15Z" finished-at="2018-10-18T01:52:20Z">
    <groups>
    </groups>
    <test name="Default test" duration-ms="4338" started-at="2018-10-18T01:52:15Z" finished-at="2018-10-18T01:52:20Z">
      <class name="testBaidu">
        <test-method status="PASS" signature="loadDriver()[pri:0, instance:testBaidu@31610302]" name="loadDriver" is-config="true" duration-ms="3474" started-at="2018-10-18T09:52:15Z" finished-at="2018-10-18T09:52:19Z">
          <reporter-output>
          </reporter-output>
        </test-method> <!-- loadDriver -->
        <test-method status="PASS" signature="test3()[pri:0, instance:testBaidu@31610302]" name="test3" duration-ms="38" started-at="2018-10-18T09:52:19Z" finished-at="2018-10-18T09:52:19Z">
          <reporter-output>
          </reporter-output>
        </test-method> <!-- test3 -->
        <test-method status="PASS" signature="quit()[pri:0, instance:testBaidu@31610302]" name="quit" is-config="true" duration-ms="809" started-at="2018-10-18T09:52:19Z" finished-at="2018-10-18T09:52:20Z">
          <reporter-output>
          </reporter-output>
        </test-method> <!-- quit -->
      </class> <!-- testBaidu -->
    </test> <!-- Default test -->
  </suite> <!-- Default suite -->
</testng-results>
